<?xml version="1.0" encoding="UTF-8"?>
<!-- Generated by org.testng.reporters.JUnitReportReporter -->
<testsuite hostname="DESKTOP-HMKMG6M" failures="0" tests="9" name="com.testcases.VendorPortalTest" time="47.415" errors="0" timestamp="2023-11-14T21:10:18 IST" skipped="0">
  <testcase classname="com.testcases.VendorPortalTest" name="loginTest" time="7.093"/>
  <testcase classname="com.testcases.VendorPortalTest" name="logOut" time="1.365"/>
  <testcase classname="com.testcases.VendorPortalTest" name="logOut" time="1.535"/>
  <testcase classname="com.testcases.VendorPortalTest" name="loginTest" time="8.273"/>
  <testcase classname="com.testcases.VendorPortalTest" name="DashboardTest" time="7.163"/>
  <testcase classname="com.testcases.VendorPortalTest" name="DashboardTest" time="6.444"/>
  <testcase classname="com.testcases.VendorPortalTest" name="DashboardTest" time="7.544"/>
  <testcase classname="com.testcases.VendorPortalTest" name="loginTest" time="6.282"/>
  <testcase classname="com.testcases.VendorPortalTest" name="logOut" time="1.716"/>
</testsuite> <!-- com.testcases.VendorPortalTest -->
