<?xml version="1.0" encoding="UTF-8"?>
<!-- Generated by org.testng.reporters.JUnitReportReporter -->
<testsuite hostname="DESKTOP-HMKMG6M" failures="0" tests="15" name="com.testcases.FlightReservationTest" time="53.127" errors="0" timestamp="2023-10-29T23:02:46 IST" skipped="0">
  <testcase classname="com.testcases.FlightReservationTest" name="registrationflow" time="4.409"/>
  <system-out/>
  <testcase classname="com.testcases.FlightReservationTest" name="finalconfirmationflow" time="1.998"/>
  <system-out/>
  <testcase classname="com.testcases.FlightReservationTest" name="finalconfirmationflow" time="1.430"/>
  <system-out/>
  <testcase classname="com.testcases.FlightReservationTest" name="registrationflow" time="4.189"/>
  <system-out/>
  <testcase classname="com.testcases.FlightReservationTest" name="finalconfirmationflow" time="0.858"/>
  <system-out/>
  <testcase classname="com.testcases.FlightReservationTest" name="registrationflow" time="4.640"/>
  <system-out/>
  <testcase classname="com.testcases.FlightReservationTest" name="selectflightsflow" time="7.765"/>
  <system-out/>
  <testcase classname="com.testcases.FlightReservationTest" name="registrationconfirmationflow" time="0.824"/>
  <system-out/>
  <testcase classname="com.testcases.FlightReservationTest" name="searchingflightsflow" time="3.781"/>
  <system-out/>
  <testcase classname="com.testcases.FlightReservationTest" name="selectflightsflow" time="7.193"/>
  <system-out/>
  <testcase classname="com.testcases.FlightReservationTest" name="searchingflightsflow" time="4.152"/>
  <system-out/>
  <testcase classname="com.testcases.FlightReservationTest" name="searchingflightsflow" time="3.596"/>
  <system-out/>
  <testcase classname="com.testcases.FlightReservationTest" name="selectflightsflow" time="6.077"/>
  <system-out/>
  <testcase classname="com.testcases.FlightReservationTest" name="registrationconfirmationflow" time="1.397"/>
  <system-out/>
  <testcase classname="com.testcases.FlightReservationTest" name="registrationconfirmationflow" time="0.818"/>
  <system-out/>
</testsuite> <!-- com.testcases.FlightReservationTest -->
