<?xml version="1.0" encoding="UTF-8"?>
<!-- Generated by org.testng.reporters.JUnitReportReporter -->
<testsuite hostname="DESKTOP-HMKMG6M" failures="0" tests="9" name="com.testcases.VendorPortalTest" time="60.608" errors="0" timestamp="2023-11-01T23:38:25 IST" skipped="0">
  <testcase classname="com.testcases.VendorPortalTest" name="loginTest" time="6.117"/>
  <system-out/>
  <testcase classname="com.testcases.VendorPortalTest" name="logOut" time="2.312"/>
  <system-out/>
  <testcase classname="com.testcases.VendorPortalTest" name="loginTest" time="21.245"/>
  <system-out/>
  <testcase classname="com.testcases.VendorPortalTest" name="loginTest" time="5.636"/>
  <system-out/>
  <testcase classname="com.testcases.VendorPortalTest" name="logOut" time="1.783"/>
  <system-out/>
  <testcase classname="com.testcases.VendorPortalTest" name="DashboardTest" time="7.371"/>
  <system-out/>
  <testcase classname="com.testcases.VendorPortalTest" name="DashboardTest" time="6.683"/>
  <system-out/>
  <testcase classname="com.testcases.VendorPortalTest" name="DashboardTest" time="7.953"/>
  <system-out/>
  <testcase classname="com.testcases.VendorPortalTest" name="logOut" time="1.508"/>
  <system-out/>
</testsuite> <!-- com.testcases.VendorPortalTest -->
